


ARM Macro Assembler    Page 1 


    1 00000000         ; gpio.s
    2 00000000         ; Desenvolvido para a placa EK-TM4C1294XL
    3 00000000         ; Prof. Guilherme Peron
    4 00000000         ; 24/08/2020
    5 00000000         
    6 00000000         ; ------------------------------------------------------
                       -------------------------
    7 00000000                 THUMB                        ; Instruções do tip
                                                            o Thumb-2
    8 00000000         ; ------------------------------------------------------
                       -------------------------
    9 00000000         ; Declarações EQU - Defines
   10 00000000         ; ========================
   11 00000000         ; Definições de Valores
   12 00000000 00000001 
                       BIT0    EQU              2_0001
   13 00000000 00000002 
                       BIT1    EQU              2_0010
   14 00000000         ; ========================
   15 00000000         ; Definições dos Registradores Gerais
   16 00000000 400FE608 
                       SYSCTL_RCGCGPIO_R
                               EQU              0x400FE608
   17 00000000 400FEA08 
                       SYSCTL_PRGPIO_R
                               EQU              0x400FEA08
   18 00000000         ; ========================
   19 00000000         ; Definições dos Ports
   20 00000000         ; PORT J
   21 00000000 40060520 
                       GPIO_PORTJ_AHB_LOCK_R
                               EQU              0x40060520
   22 00000000 40060524 
                       GPIO_PORTJ_AHB_CR_R
                               EQU              0x40060524
   23 00000000 40060528 
                       GPIO_PORTJ_AHB_AMSEL_R
                               EQU              0x40060528
   24 00000000 4006052C 
                       GPIO_PORTJ_AHB_PCTL_R
                               EQU              0x4006052C
   25 00000000 40060400 
                       GPIO_PORTJ_AHB_DIR_R
                               EQU              0x40060400
   26 00000000 40060420 
                       GPIO_PORTJ_AHB_AFSEL_R
                               EQU              0x40060420
   27 00000000 4006051C 
                       GPIO_PORTJ_AHB_DEN_R
                               EQU              0x4006051C
   28 00000000 40060510 
                       GPIO_PORTJ_AHB_PUR_R
                               EQU              0x40060510
   29 00000000 400603FC 
                       GPIO_PORTJ_AHB_DATA_R
                               EQU              0x400603FC
   30 00000000 40060000 
                       GPIO_PORTJ_AHB_DATA_BITS_R
                               EQU              0x40060000



ARM Macro Assembler    Page 2 


   31 00000000 00000100 
                       GPIO_PORTJ
                               EQU              2_000000100000000
   32 00000000         ; PORT N
   33 00000000 40064520 
                       GPIO_PORTN_LOCK_R
                               EQU              0x40064520
   34 00000000 40064524 
                       GPIO_PORTN_CR_R
                               EQU              0x40064524
   35 00000000 40064528 
                       GPIO_PORTN_AMSEL_R
                               EQU              0x40064528
   36 00000000 4006452C 
                       GPIO_PORTN_PCTL_R
                               EQU              0x4006452C
   37 00000000 40064400 
                       GPIO_PORTN_DIR_R
                               EQU              0x40064400
   38 00000000 40064420 
                       GPIO_PORTN_AFSEL_R
                               EQU              0x40064420
   39 00000000 4006451C 
                       GPIO_PORTN_DEN_R
                               EQU              0x4006451C
   40 00000000 40064510 
                       GPIO_PORTN_PUR_R
                               EQU              0x40064510
   41 00000000 400643FC 
                       GPIO_PORTN_DATA_R
                               EQU              0x400643FC
   42 00000000 40064000 
                       GPIO_PORTN_DATA_BITS_R
                               EQU              0x40064000
   43 00000000 00001000 
                       GPIO_PORTN
                               EQU              2_001000000000000
   44 00000000         
   45 00000000         
   46 00000000         ; ------------------------------------------------------
                       -------------------------
   47 00000000         ; Área de Código - Tudo abaixo da diretiva a seguir será
                        armazenado na memória de 
   48 00000000         ;                  código
   49 00000000                 AREA             |.text|, CODE, READONLY, ALIGN=
2
   50 00000000         
   51 00000000         ; Se alguma função do arquivo for chamada em outro arqui
                       vo 
   52 00000000                 EXPORT           GPIO_Init   ; Permite chamar GP
                                                            IO_Init de outro ar
                                                            quivo
   53 00000000                 EXPORT           PortN_Output ; Permite chamar P
                                                            ortN_Output de outr
                                                            o arquivo
   54 00000000                 EXPORT           PortJ_Input ; Permite chamar Po
                                                            rtJ_Input de outro 
                                                            arquivo
   55 00000000                 IMPORT           Timer0A_Handler



ARM Macro Assembler    Page 3 


   56 00000000         
   57 00000000         ;-------------------------------------------------------
                       -------------------------
   58 00000000         
   59 00000000         
   60 00000000         
   61 00000000         
   62 00000000         
   63 00000000         ; Função GPIO_Init
   64 00000000         ; Parâmetro de entrada: Não tem
   65 00000000         ; Parâmetro de saída: Não tem
   66 00000000         GPIO_Init
   67 00000000         ;=====================
   68 00000000         ; 1. Ativar o clock para a porta setando o bit correspon
                       dente no registrador RCGCGPIO,
   69 00000000         ; após isso verificar no PRGPIO se a porta está pronta p
                       ara uso.
   70 00000000         ; enable clock to GPIOF at clock gating register
   71 00000000 481F            LDR              R0, =SYSCTL_RCGCGPIO_R ;Carrega
                                                             o endereço do regi
                                                            strador RCGCGPIO
   72 00000002 F44F 5180       MOV              R1, #GPIO_PORTN ;Seta o bit da 
                                                            porta N
   73 00000006 F441 7180       ORR              R1, #GPIO_PORTJ ;Seta o bit da 
                                                            porta J, fazendo co
                                                            m OR
   74 0000000A 6001            STR              R1, [R0]    ;Move para a memóri
                                                            a os bits das porta
                                                            s no endereço do RC
                                                            GCGPIO
   75 0000000C         
   76 0000000C 481D            LDR              R0, =SYSCTL_PRGPIO_R ;Carrega o
                                                             endereço do PRGPIO
                                                             para esperar os GP
                                                            IO ficarem prontos
   77 0000000E 6801    EsperaGPIO
                               LDR              R1, [R0]    ;Lê da memória o co
                                                            nteúdo do endereço 
                                                            do registrador
   78 00000010 F44F 5280       MOV              R2, #GPIO_PORTN ;Seta os bits c
                                                            orrespondentes às p
                                                            ortas para fazer a 
                                                            comparação
   79 00000014 F442 7280       ORR              R2, #GPIO_PORTJ ;Seta o bit da 
                                                            porta J, fazendo co
                                                            m OR
   80 00000018 4211            TST              R1, R2      ;Testa o R1 com R2 
                                                            fazendo R1 & R2
   81 0000001A D0F8            BEQ              EsperaGPIO  ;Se o flag Z=1, vol
                                                            ta para o laço. Sen
                                                            ão continua executa
                                                            ndo
   82 0000001C         
   83 0000001C         ; 2. Limpar o AMSEL para desabilitar a analógica
   84 0000001C F04F 0100       MOV              R1, #0x00   ;Colocar 0 no regis
                                                            trador para desabil
                                                            itar a função analó
                                                            gica
   85 00000020 4819            LDR              R0, =GPIO_PORTJ_AHB_AMSEL_R ;Ca



ARM Macro Assembler    Page 4 


                                                            rrega o R0 com o en
                                                            dereço do AMSEL par
                                                            a a porta J
   86 00000022 6001            STR              R1, [R0]    ;Guarda no registra
                                                            dor AMSEL da porta 
                                                            J da memória
   87 00000024 4819            LDR              R0, =GPIO_PORTN_AMSEL_R ;Carreg
                                                            a o R0 com o endere
                                                            ço do AMSEL para a 
                                                            porta N
   88 00000026 6001            STR              R1, [R0]    ;Guarda no registra
                                                            dor AMSEL da porta 
                                                            N da memória
   89 00000028         
   90 00000028         ; 3. Limpar PCTL para selecionar o GPIO
   91 00000028 F04F 0100       MOV              R1, #0x00   ;Colocar 0 no regis
                                                            trador para selecio
                                                            nar o modo GPIO
   92 0000002C 4818            LDR              R0, =GPIO_PORTJ_AHB_PCTL_R ;Car
                                                            rega o R0 com o end
                                                            ereço do PCTL para 
                                                            a porta J
   93 0000002E 6001            STR              R1, [R0]    ;Guarda no registra
                                                            dor PCTL da porta J
                                                             da memória
   94 00000030 4818            LDR              R0, =GPIO_PORTN_PCTL_R ;Carrega
                                                             o R0 com o endereç
                                                            o do PCTL para a po
                                                            rta N
   95 00000032 6001            STR              R1, [R0]    ;Guarda no registra
                                                            dor PCTL da porta N
                                                             da memória
   96 00000034         ; 4. DIR para 0 se for entrada, 1 se for saída
   97 00000034 4818            LDR              R0, =GPIO_PORTN_DIR_R ;Carrega 
                                                            o R0 com o endereço
                                                             do DIR para a port
                                                            a N
   98 00000036 F04F 0102       MOV              R1, #2_0010 ;PN1
   99 0000003A 6001            STR              R1, [R0]    ;Guarda no registra
                                                            dor
  100 0000003C         ; O certo era verificar os outros bits da PJ para não tr
                       ansformar entradas em saídas desnecessárias
  101 0000003C 4817            LDR              R0, =GPIO_PORTJ_AHB_DIR_R ;Carr
                                                            ega o R0 com o ende
                                                            reço do DIR para a 
                                                            porta J
  102 0000003E F04F 0100       MOV              R1, #0x00   ;Colocar 0 no regis
                                                            trador DIR para fun
                                                            cionar com saídaC
  103 00000042         ;    Sem função alternativa
  104 00000042 F04F 0100       MOV              R1, #0x00   ;Colocar o valor 0 
                                                            para não setar funç
                                                            ão alternativa
  105 00000046 4816            LDR              R0, =GPIO_PORTN_AFSEL_R ;Carreg
                                                            a o endereço do AFS
                                                            EL da porta N
  106 00000048 6001            STR              R1, [R0]    ;Escreve na porta
  107 0000004A 4816            LDR              R0, =GPIO_PORTJ_AHB_AFSEL_R ;Ca
                                                            rrega o endereço do



ARM Macro Assembler    Page 5 


                                                             AFSEL da porta J
  108 0000004C 6001            STR              R1, [R0]    ;Escreve na porta
  109 0000004E         ; 6. Setar os bits de DEN para habilitar I/O digital
  110 0000004E 4816            LDR              R0, =GPIO_PORTN_DEN_R ;Carrega 
                                                            o endereço do DEN
  111 00000050 F04F 0102       MOV              R1, #2_00000010 ;N1
  112 00000054 6001            STR              R1, [R0]    ;Escreve no registr
                                                            ador da memória fun
                                                            cionalidade digital
                                                             
  113 00000056         
  114 00000056 4815            LDR              R0, =GPIO_PORTJ_AHB_DEN_R ;Carr
                                                            ega o endereço do D
                                                            EN
  115 00000058 F04F 0101       MOV              R1, #2_00000001 ;J0     
  116 0000005C 6001            STR              R1, [R0]    ;Escreve no registr
                                                            ador da memória fun
                                                            cionalidade digital
                                                            
  117 0000005E         
  118 0000005E         ; 7. Para habilitar resistor de pull-up interno, setar P
                       UR para 1
  119 0000005E 4814            LDR              R0, =GPIO_PORTJ_AHB_PUR_R ;Carr
                                                            ega o endereço do P
                                                            UR para a porta J
  120 00000060 F04F 0101       MOV              R1, #2_1    ;Habilitar funciona
                                                            lidade digital de r
                                                            esistor de pull-up 
                                                            
  121 00000064 6001            STR              R1, [R0]    ;Escreve no registr
                                                            ador da memória do 
                                                            resistor de pull-up
                                                            
  122 00000066 4770            BX               LR
  123 00000068         
  124 00000068         ; ------------------------------------------------------
                       -------------------------
  125 00000068         ; Função PortN_Output
  126 00000068         ; Parâmetro de entrada: R0 --> se o BIT1 está ligado ou 
                       desligado
  127 00000068         ; Parâmetro de saída: Não tem
  128 00000068         PortN_Output
  129 00000068 4912            LDR              R1, =GPIO_PORTN_DATA_R ;Carrega
                                                             o valor do offset 
                                                            do data register
  130 0000006A         ;Read-Modify-Write para escrita
  131 0000006A 680A            LDR              R2, [R1]
  132 0000006C F022 0202       BIC              R2, #2_00000010 ;Primeiro limpa
                                                            mos os dois bits do
                                                             lido da porta R2 =
                                                             R2 & 11111101
  133 00000070 EA40 0002       ORR              R0, R0, R2  ;Fazer o OR do lido
                                                             pela porta com o p
                                                            arâmetro de entrada
                                                            
  134 00000074 6008            STR              R0, [R1]    ;Escreve na porta N
                                                             o barramento de da
                                                            dos do pino N1
  135 00000076 4770            BX               LR          ;Retorno



ARM Macro Assembler    Page 6 


  136 00000078         
  137 00000078         ; ------------------------------------------------------
                       -------------------------
  138 00000078         ; Função PortJ_Input
  139 00000078         ; Parâmetro de entrada: Não tem
  140 00000078         ; Parâmetro de saída: R0 --> o valor da leitura
  141 00000078         PortJ_Input
  142 00000078 490F            LDR              R1, =GPIO_PORTJ_AHB_DATA_R ;Car
                                                            rega o valor do off
                                                            set do data registe
                                                            r
  143 0000007A 6808            LDR              R0, [R1]    ;Lê no barramento d
                                                            e dados dos pinos [
                                                            J0]
  144 0000007C 4770            BX               LR          ;Retorno
  145 0000007E         
  146 0000007E         
  147 0000007E         
  148 0000007E 00 00           ALIGN                        ; garante que o fim
                                                             da seção está alin
                                                            hada 
  149 00000080                 END                          ; fim do arquivo
              400FE608 
              400FEA08 
              40060528 
              40064528 
              4006052C 
              4006452C 
              40064400 
              40060400 
              40064420 
              40060420 
              4006451C 
              4006051C 
              40060510 
              400643FC 
              400603FC 
Command Line: --debug --xref --diag_suppress=9931,A1950W --cpu=Cortex-M4.fp.sp 
--depend=.\objects\gpio.d -o.\objects\gpio.o -I"C:\Users\Robson Junior\AppData\
Local\Arm\Packs\Keil\TM4C_DFP\1.1.0\Device\Include\TM4C129" --predefine="__EVAL
 SETA 1" --predefine="__UVISION_VERSION SETA 541" --predefine="TM4C1294NCPDT SE
TA 1" --list=.\listings\gpio.lst gpio.s



ARM Macro Assembler    Page 1 Alphabetic symbol ordering
Relocatable symbols

.text 00000000

Symbol: .text
   Definitions
      At line 49 in file gpio.s
   Uses
      None
Comment: .text unused
EsperaGPIO 0000000E

Symbol: EsperaGPIO
   Definitions
      At line 77 in file gpio.s
   Uses
      At line 81 in file gpio.s
Comment: EsperaGPIO used once
GPIO_Init 00000000

Symbol: GPIO_Init
   Definitions
      At line 66 in file gpio.s
   Uses
      At line 52 in file gpio.s
Comment: GPIO_Init used once
PortJ_Input 00000078

Symbol: PortJ_Input
   Definitions
      At line 141 in file gpio.s
   Uses
      At line 54 in file gpio.s
Comment: PortJ_Input used once
PortN_Output 00000068

Symbol: PortN_Output
   Definitions
      At line 128 in file gpio.s
   Uses
      At line 53 in file gpio.s
Comment: PortN_Output used once
5 symbols



ARM Macro Assembler    Page 1 Alphabetic symbol ordering
Absolute symbols

BIT0 00000001

Symbol: BIT0
   Definitions
      At line 12 in file gpio.s
   Uses
      None
Comment: BIT0 unused
BIT1 00000002

Symbol: BIT1
   Definitions
      At line 13 in file gpio.s
   Uses
      None
Comment: BIT1 unused
GPIO_PORTJ 00000100

Symbol: GPIO_PORTJ
   Definitions
      At line 31 in file gpio.s
   Uses
      At line 73 in file gpio.s
      At line 79 in file gpio.s

GPIO_PORTJ_AHB_AFSEL_R 40060420

Symbol: GPIO_PORTJ_AHB_AFSEL_R
   Definitions
      At line 26 in file gpio.s
   Uses
      At line 107 in file gpio.s
Comment: GPIO_PORTJ_AHB_AFSEL_R used once
GPIO_PORTJ_AHB_AMSEL_R 40060528

Symbol: GPIO_PORTJ_AHB_AMSEL_R
   Definitions
      At line 23 in file gpio.s
   Uses
      At line 85 in file gpio.s
Comment: GPIO_PORTJ_AHB_AMSEL_R used once
GPIO_PORTJ_AHB_CR_R 40060524

Symbol: GPIO_PORTJ_AHB_CR_R
   Definitions
      At line 22 in file gpio.s
   Uses
      None
Comment: GPIO_PORTJ_AHB_CR_R unused
GPIO_PORTJ_AHB_DATA_BITS_R 40060000

Symbol: GPIO_PORTJ_AHB_DATA_BITS_R
   Definitions
      At line 30 in file gpio.s
   Uses
      None
Comment: GPIO_PORTJ_AHB_DATA_BITS_R unused
GPIO_PORTJ_AHB_DATA_R 400603FC




ARM Macro Assembler    Page 2 Alphabetic symbol ordering
Absolute symbols

Symbol: GPIO_PORTJ_AHB_DATA_R
   Definitions
      At line 29 in file gpio.s
   Uses
      At line 142 in file gpio.s
Comment: GPIO_PORTJ_AHB_DATA_R used once
GPIO_PORTJ_AHB_DEN_R 4006051C

Symbol: GPIO_PORTJ_AHB_DEN_R
   Definitions
      At line 27 in file gpio.s
   Uses
      At line 114 in file gpio.s
Comment: GPIO_PORTJ_AHB_DEN_R used once
GPIO_PORTJ_AHB_DIR_R 40060400

Symbol: GPIO_PORTJ_AHB_DIR_R
   Definitions
      At line 25 in file gpio.s
   Uses
      At line 101 in file gpio.s
Comment: GPIO_PORTJ_AHB_DIR_R used once
GPIO_PORTJ_AHB_LOCK_R 40060520

Symbol: GPIO_PORTJ_AHB_LOCK_R
   Definitions
      At line 21 in file gpio.s
   Uses
      None
Comment: GPIO_PORTJ_AHB_LOCK_R unused
GPIO_PORTJ_AHB_PCTL_R 4006052C

Symbol: GPIO_PORTJ_AHB_PCTL_R
   Definitions
      At line 24 in file gpio.s
   Uses
      At line 92 in file gpio.s
Comment: GPIO_PORTJ_AHB_PCTL_R used once
GPIO_PORTJ_AHB_PUR_R 40060510

Symbol: GPIO_PORTJ_AHB_PUR_R
   Definitions
      At line 28 in file gpio.s
   Uses
      At line 119 in file gpio.s
Comment: GPIO_PORTJ_AHB_PUR_R used once
GPIO_PORTN 00001000

Symbol: GPIO_PORTN
   Definitions
      At line 43 in file gpio.s
   Uses
      At line 72 in file gpio.s
      At line 78 in file gpio.s

GPIO_PORTN_AFSEL_R 40064420

Symbol: GPIO_PORTN_AFSEL_R
   Definitions



ARM Macro Assembler    Page 3 Alphabetic symbol ordering
Absolute symbols

      At line 38 in file gpio.s
   Uses
      At line 105 in file gpio.s
Comment: GPIO_PORTN_AFSEL_R used once
GPIO_PORTN_AMSEL_R 40064528

Symbol: GPIO_PORTN_AMSEL_R
   Definitions
      At line 35 in file gpio.s
   Uses
      At line 87 in file gpio.s
Comment: GPIO_PORTN_AMSEL_R used once
GPIO_PORTN_CR_R 40064524

Symbol: GPIO_PORTN_CR_R
   Definitions
      At line 34 in file gpio.s
   Uses
      None
Comment: GPIO_PORTN_CR_R unused
GPIO_PORTN_DATA_BITS_R 40064000

Symbol: GPIO_PORTN_DATA_BITS_R
   Definitions
      At line 42 in file gpio.s
   Uses
      None
Comment: GPIO_PORTN_DATA_BITS_R unused
GPIO_PORTN_DATA_R 400643FC

Symbol: GPIO_PORTN_DATA_R
   Definitions
      At line 41 in file gpio.s
   Uses
      At line 129 in file gpio.s
Comment: GPIO_PORTN_DATA_R used once
GPIO_PORTN_DEN_R 4006451C

Symbol: GPIO_PORTN_DEN_R
   Definitions
      At line 39 in file gpio.s
   Uses
      At line 110 in file gpio.s
Comment: GPIO_PORTN_DEN_R used once
GPIO_PORTN_DIR_R 40064400

Symbol: GPIO_PORTN_DIR_R
   Definitions
      At line 37 in file gpio.s
   Uses
      At line 97 in file gpio.s
Comment: GPIO_PORTN_DIR_R used once
GPIO_PORTN_LOCK_R 40064520

Symbol: GPIO_PORTN_LOCK_R
   Definitions
      At line 33 in file gpio.s
   Uses
      None



ARM Macro Assembler    Page 4 Alphabetic symbol ordering
Absolute symbols

Comment: GPIO_PORTN_LOCK_R unused
GPIO_PORTN_PCTL_R 4006452C

Symbol: GPIO_PORTN_PCTL_R
   Definitions
      At line 36 in file gpio.s
   Uses
      At line 94 in file gpio.s
Comment: GPIO_PORTN_PCTL_R used once
GPIO_PORTN_PUR_R 40064510

Symbol: GPIO_PORTN_PUR_R
   Definitions
      At line 40 in file gpio.s
   Uses
      None
Comment: GPIO_PORTN_PUR_R unused
SYSCTL_PRGPIO_R 400FEA08

Symbol: SYSCTL_PRGPIO_R
   Definitions
      At line 17 in file gpio.s
   Uses
      At line 76 in file gpio.s
Comment: SYSCTL_PRGPIO_R used once
SYSCTL_RCGCGPIO_R 400FE608

Symbol: SYSCTL_RCGCGPIO_R
   Definitions
      At line 16 in file gpio.s
   Uses
      At line 71 in file gpio.s
Comment: SYSCTL_RCGCGPIO_R used once
26 symbols



ARM Macro Assembler    Page 1 Alphabetic symbol ordering
External symbols

Timer0A_Handler 00000000

Symbol: Timer0A_Handler
   Definitions
      At line 55 in file gpio.s
   Uses
      None
Comment: Timer0A_Handler unused
1 symbol
368 symbols in table
