


ARM Macro Assembler    Page 1 


    1 00000000         ; gpio.s
    2 00000000         ; Desenvolvido para a placa EK-TM4C1294XL
    3 00000000         ; Prof. Guilherme Peron
    4 00000000         ; Ver 1 19/03/2018
    5 00000000         ; Ver 2 26/08/2018
    6 00000000         
    7 00000000         ; ------------------------------------------------------
                       -------------------------
    8 00000000                 THUMB                        ; InstruÔøΩÔøΩes do
                                                             tipo Thumb-2
    9 00000000         ; ------------------------------------------------------
                       -------------------------
   10 00000000                 AREA             DATA, ALIGN=2
   11 00000000         
   12 00000000         ; DeclaraÔøΩÔøΩes EQU - Defines
   13 00000000         ; ========================
   14 00000000         ; ========================
   15 00000000         ; DefiniÔøΩÔøΩes dos Registradores Gerais
   16 00000000 400FE608 
                       SYSCTL_RCGCGPIO_R
                               EQU              0x400FE608
   17 00000000 400FEA08 
                       SYSCTL_PRGPIO_R
                               EQU              0x400FEA08
   18 00000000         ; ========================
   19 00000000         ; DefiniÔøΩÔøΩes dos Ports
   20 00000000         ;DEFINIÔøΩÔøΩO DOS TODOS OS PORTS
   21 00000000 40058000 
                       GPIO_PORTA_BASE_R
                               EQU              0x40058000
   22 00000000 40059000 
                       GPIO_PORTB_BASE_R
                               EQU              0x40059000
   23 00000000 4005A000 
                       GPIO_PORTC_BASE_R
                               EQU              0x4005A000
   24 00000000 4005B000 
                       GPIO_PORTD_BASE_R
                               EQU              0x4005B000
   25 00000000 4005C000 
                       GPIO_PORTE_BASE_R
                               EQU              0x4005C000
   26 00000000 4005D000 
                       GPIO_PORTF_BASE_R
                               EQU              0x4005D000
   27 00000000 4005E000 
                       GPIO_PORTG_BASE_R
                               EQU              0x4005E000
   28 00000000 4005F000 
                       GPIO_PORTH_BASE_R
                               EQU              0x4005F000
   29 00000000 40060000 
                       GPIO_PORTJ_BASE_R
                               EQU              0x40060000
   30 00000000 40061000 
                       GPIO_PORTK_BASE_R
                               EQU              0x40061000
   31 00000000 40062000 
                       GPIO_PORTL_BASE_R



ARM Macro Assembler    Page 2 


                               EQU              0x40062000
   32 00000000 40063000 
                       GPIO_PORTM_BASE_R
                               EQU              0x40063000
   33 00000000 40064000 
                       GPIO_PORTN_BASE_R
                               EQU              0x40064000
   34 00000000 40065000 
                       GPIO_PORTP_BASE_R
                               EQU              0x40065000
   35 00000000 40066000 
                       GPIO_PORTQ_BASE_R
                               EQU              0x40066000
   36 00000000         ; PORT J
   37 00000000 40060520 
                       GPIO_PORTJ_AHB_LOCK_R
                               EQU              0x40060520
   38 00000000 40060524 
                       GPIO_PORTJ_AHB_CR_R
                               EQU              0x40060524
   39 00000000 40060528 
                       GPIO_PORTJ_AHB_AMSEL_R
                               EQU              0x40060528
   40 00000000 4006052C 
                       GPIO_PORTJ_AHB_PCTL_R
                               EQU              0x4006052C
   41 00000000 40060400 
                       GPIO_PORTJ_AHB_DIR_R
                               EQU              0x40060400
   42 00000000 40060420 
                       GPIO_PORTJ_AHB_AFSEL_R
                               EQU              0x40060420
   43 00000000 4006051C 
                       GPIO_PORTJ_AHB_DEN_R
                               EQU              0x4006051C
   44 00000000 40060510 
                       GPIO_PORTJ_AHB_PUR_R
                               EQU              0x40060510
   45 00000000 400603FC 
                       GPIO_PORTJ_AHB_DATA_R
                               EQU              0x400603FC
   46 00000000 00000100 
                       GPIO_PORTJ
                               EQU              2_000000100000000
   47 00000000         ; PORT N
   48 00000000 40064520 
                       GPIO_PORTN_AHB_LOCK_R
                               EQU              0x40064520
   49 00000000 40064524 
                       GPIO_PORTN_AHB_CR_R
                               EQU              0x40064524
   50 00000000 40064528 
                       GPIO_PORTN_AHB_AMSEL_R
                               EQU              0x40064528
   51 00000000 4006452C 
                       GPIO_PORTN_AHB_PCTL_R
                               EQU              0x4006452C
   52 00000000 40064400 
                       GPIO_PORTN_AHB_DIR_R



ARM Macro Assembler    Page 3 


                               EQU              0x40064400
   53 00000000 40064420 
                       GPIO_PORTN_AHB_AFSEL_R
                               EQU              0x40064420
   54 00000000 4006451C 
                       GPIO_PORTN_AHB_DEN_R
                               EQU              0x4006451C
   55 00000000 40064510 
                       GPIO_PORTN_AHB_PUR_R
                               EQU              0x40064510
   56 00000000 400643FC 
                       GPIO_PORTN_AHB_DATA_R
                               EQU              0x400643FC
   57 00000000 00001000 
                       GPIO_PORTN
                               EQU              2_001000000000000
   58 00000000         ; PORT M
   59 00000000 40063000 
                       GPIO_PORTM_DATA_BITS_R
                               EQU              0x40063000
   60 00000000 400633FC 
                       GPIO_PORTM_DATA_R
                               EQU              0x400633FC
   61 00000000 40063400 
                       GPIO_PORTM_DIR_R
                               EQU              0x40063400
   62 00000000 40063404 
                       GPIO_PORTM_IS_R
                               EQU              0x40063404
   63 00000000 40063408 
                       GPIO_PORTM_IBE_R
                               EQU              0x40063408
   64 00000000 4006340C 
                       GPIO_PORTM_IEV_R
                               EQU              0x4006340C
   65 00000000 40063410 
                       GPIO_PORTM_IM_R
                               EQU              0x40063410
   66 00000000 40063414 
                       GPIO_PORTM_RIS_R
                               EQU              0x40063414
   67 00000000 40063418 
                       GPIO_PORTM_MIS_R
                               EQU              0x40063418
   68 00000000 4006341C 
                       GPIO_PORTM_ICR_R
                               EQU              0x4006341C
   69 00000000 40063420 
                       GPIO_PORTM_AFSEL_R
                               EQU              0x40063420
   70 00000000 40063500 
                       GPIO_PORTM_DR2R_R
                               EQU              0x40063500
   71 00000000 40063504 
                       GPIO_PORTM_DR4R_R
                               EQU              0x40063504
   72 00000000 40063508 
                       GPIO_PORTM_DR8R_R
                               EQU              0x40063508



ARM Macro Assembler    Page 4 


   73 00000000 4006350C 
                       GPIO_PORTM_ODR_R
                               EQU              0x4006350C
   74 00000000 40063510 
                       GPIO_PORTM_PUR_R
                               EQU              0x40063510
   75 00000000 40063514 
                       GPIO_PORTM_PDR_R
                               EQU              0x40063514
   76 00000000 40063518 
                       GPIO_PORTM_SLR_R
                               EQU              0x40063518
   77 00000000 4006351C 
                       GPIO_PORTM_DEN_R
                               EQU              0x4006351C
   78 00000000 40063520 
                       GPIO_PORTM_LOCK_R
                               EQU              0x40063520
   79 00000000 40063524 
                       GPIO_PORTM_CR_R
                               EQU              0x40063524
   80 00000000 40063528 
                       GPIO_PORTM_AMSEL_R
                               EQU              0x40063528
   81 00000000 4006352C 
                       GPIO_PORTM_PCTL_R
                               EQU              0x4006352C
   82 00000000 40063530 
                       GPIO_PORTM_ADCCTL_R
                               EQU              0x40063530
   83 00000000 40063534 
                       GPIO_PORTM_DMACTL_R
                               EQU              0x40063534
   84 00000000 40063538 
                       GPIO_PORTM_SI_R
                               EQU              0x40063538
   85 00000000 4006353C 
                       GPIO_PORTM_DR12R_R
                               EQU              0x4006353C
   86 00000000 40063540 
                       GPIO_PORTM_WAKEPEN_R
                               EQU              0x40063540
   87 00000000 40063544 
                       GPIO_PORTM_WAKELVL_R
                               EQU              0x40063544
   88 00000000 40063548 
                       GPIO_PORTM_WAKESTAT_R
                               EQU              0x40063548
   89 00000000 40063FC0 
                       GPIO_PORTM_PP_R
                               EQU              0x40063FC0
   90 00000000 40063FC4 
                       GPIO_PORTM_PC_R
                               EQU              0x40063FC4
   91 00000000 00000800 
                       GPIO_PORTM
                               EQU              2_000100000000000
   92 00000000         ; PORT K
   93 00000000 40061000 



ARM Macro Assembler    Page 5 


                       GPIO_PORTK_DATA_BITS_R
                               EQU              0x40061000
   94 00000000 400613FC 
                       GPIO_PORTK_DATA_R
                               EQU              0x400613FC
   95 00000000 40061400 
                       GPIO_PORTK_DIR_R
                               EQU              0x40061400
   96 00000000 40061404 
                       GPIO_PORTK_IS_R
                               EQU              0x40061404
   97 00000000 40061408 
                       GPIO_PORTK_IBE_R
                               EQU              0x40061408
   98 00000000 4006140C 
                       GPIO_PORTK_IEV_R
                               EQU              0x4006140C
   99 00000000 40061410 
                       GPIO_PORTK_IM_R
                               EQU              0x40061410
  100 00000000 40061414 
                       GPIO_PORTK_RIS_R
                               EQU              0x40061414
  101 00000000 40061418 
                       GPIO_PORTK_MIS_R
                               EQU              0x40061418
  102 00000000 4006141C 
                       GPIO_PORTK_ICR_R
                               EQU              0x4006141C
  103 00000000 40061420 
                       GPIO_PORTK_AFSEL_R
                               EQU              0x40061420
  104 00000000 40061500 
                       GPIO_PORTK_DR2R_R
                               EQU              0x40061500
  105 00000000 40061504 
                       GPIO_PORTK_DR4R_R
                               EQU              0x40061504
  106 00000000 40061508 
                       GPIO_PORTK_DR8R_R
                               EQU              0x40061508
  107 00000000 4006150C 
                       GPIO_PORTK_ODR_R
                               EQU              0x4006150C
  108 00000000 40061510 
                       GPIO_PORTK_PUR_R
                               EQU              0x40061510
  109 00000000 40061514 
                       GPIO_PORTK_PDR_R
                               EQU              0x40061514
  110 00000000 40061518 
                       GPIO_PORTK_SLR_R
                               EQU              0x40061518
  111 00000000 4006151C 
                       GPIO_PORTK_DEN_R
                               EQU              0x4006151C
  112 00000000 40061520 
                       GPIO_PORTK_LOCK_R
                               EQU              0x40061520



ARM Macro Assembler    Page 6 


  113 00000000 40061524 
                       GPIO_PORTK_CR_R
                               EQU              0x40061524
  114 00000000 40061528 
                       GPIO_PORTK_AMSEL_R
                               EQU              0x40061528
  115 00000000 4006152C 
                       GPIO_PORTK_PCTL_R
                               EQU              0x4006152C
  116 00000000 40061530 
                       GPIO_PORTK_ADCCTL_R
                               EQU              0x40061530
  117 00000000 40061534 
                       GPIO_PORTK_DMACTL_R
                               EQU              0x40061534
  118 00000000 40061538 
                       GPIO_PORTK_SI_R
                               EQU              0x40061538
  119 00000000 4006153C 
                       GPIO_PORTK_DR12R_R
                               EQU              0x4006153C
  120 00000000 40061540 
                       GPIO_PORTK_WAKEPEN_R
                               EQU              0x40061540
  121 00000000 40061544 
                       GPIO_PORTK_WAKELVL_R
                               EQU              0x40061544
  122 00000000 40061548 
                       GPIO_PORTK_WAKESTAT_R
                               EQU              0x40061548
  123 00000000 40061FC0 
                       GPIO_PORTK_PP_R
                               EQU              0x40061FC0
  124 00000000 40061FC4 
                       GPIO_PORTK_PC_R
                               EQU              0x40061FC4
  125 00000000 00000200 
                       GPIO_PORTK
                               EQU              2_000001000000000
  126 00000000         
  127 00000000         ;DENIFIÔøΩÔøΩO DOS OFFSETS DE CONFIG
  128 00000000 00000520 
                       GPIO_LOCK_R
                               EQU              0x00000520
  129 00000000 00000524 
                       GPIO_CR_R
                               EQU              0x00000524
  130 00000000 00000528 
                       GPIO_AMSEL_R
                               EQU              0x00000528
  131 00000000 0000052C 
                       GPIO_PCTL_R
                               EQU              0x0000052C
  132 00000000 00000400 
                       GPIO_DIR_R
                               EQU              0x00000400
  133 00000000 00000420 
                       GPIO_AFSEL_R
                               EQU              0x00000420



ARM Macro Assembler    Page 7 


  134 00000000 0000051C 
                       GPIO_DEN_R
                               EQU              0x0000051C
  135 00000000 00000510 
                       GPIO_PUR_R
                               EQU              0x00000510
  136 00000000         
  137 00000000 48 65 6C 
              6C 6F 20 
              57 6F 72 
              6C 64 21 string_test
                               DCB              "Hello World!"
  138 0000000C         
  139 0000000C         
  140 0000000C         
  141 0000000C         ; ------------------------------------------------------
                       -------------------------
  142 0000000C         ; ÔøΩrea de CÔøΩdigo - Tudo abaixo da diretiva a seguir 
                       serÔøΩ armazenado na memÔøΩria de 
  143 0000000C         ;                  cÔøΩdigo
  144 0000000C                 AREA             |.text|, CODE, READONLY, ALIGN=
2
  145 00000000         
  146 00000000         
  147 00000000         
  148 00000000         ; Se alguma funÔøΩÔøΩo do arquivo for chamada em outro a
                       rquivo 
  149 00000000                 EXPORT           LCD_Init    ; Permite chamar GP
                                                            IO_Init de outro ar
                                                            quivo
  150 00000000                 EXPORT           setup_LCD   ; Configura√ß√£o do
                                                             LCD
  151 00000000                 EXPORT           send_comand_lcd
  152 00000000                 EXPORT           send_complex_comand_lcd
  153 00000000                 EXPORT           send_data_lcd
  154 00000000                 EXPORT           send_string_lcd
  155 00000000                 IMPORT           SysTick_Wait1us
  156 00000000         
  157 00000000         
  158 00000000         
  159 00000000         
  160 00000000         
  161 00000000         ;-------------------------------------------------------
                       -------------------------
  162 00000000         ; FunÔøΩÔøΩo LCD_Init
  163 00000000         ; ParÔøΩmetro de entrada: NÔøΩo tem
  164 00000000         ; ParÔøΩmetro de saÔøΩda: NÔøΩo tem
  165 00000000         LCD_Init
  166 00000000         ;=====================
  167 00000000         ; ****************************************
  168 00000000         ; Escrever funÔøΩÔøΩo de inicializaÔøΩÔøΩo dos GPIO
  169 00000000         ; HABILITA O CLOCK NAS PORTAS
  170 00000000 485F            LDR              R0, =SYSCTL_RCGCGPIO_R
  171 00000002 F44F 6100       MOV              R1, #GPIO_PORTM
  172 00000006 F441 7100       ORR              R1, #GPIO_PORTK
  173 0000000A 6001            STR              R1, [R0]
  174 0000000C         
  175 0000000C         
  176 0000000C         ;AGUARDA SYSCTL_PRGPIO_R FICAR PRONTO



ARM Macro Assembler    Page 8 


  177 0000000C         aguarda
  178 0000000C 4A5D            LDR              R2, =SYSCTL_PRGPIO_R
  179 0000000E 6810            LDR              R0, [R2]
  180 00000010 4288            CMP              R0, R1
  181 00000012 D1FB            BNE              aguarda
  182 00000014         ;SETANDO GPIOAMSEL PORTAS 
  183 00000014 485C            LDR              R0,=GPIO_PORTM_BASE_R
  184 00000016 F500 60A5       ADD              R0, R0, #GPIO_AMSEL_R
  185 0000001A F04F 0100       LDR              R1, =2_00000000
  186 0000001E 6001            STR              R1, [R0]
  187 00000020         
  188 00000020 485A            LDR              R0,=GPIO_PORTK_BASE_R
  189 00000022 F500 60A5       ADD              R0, R0, #GPIO_AMSEL_R
  190 00000026 F04F 0100       LDR              R1, =2_00000000
  191 0000002A 6001            STR              R1, [R0]
  192 0000002C         ;SETANDO GPIOPCTL DAS PORTAS 
  193 0000002C         
  194 0000002C 4856            LDR              R0,=GPIO_PORTM_BASE_R
  195 0000002E F200 502C       ADD              R0, R0, #GPIO_PCTL_R
  196 00000032 F04F 0100       MOV              R1, #0
  197 00000036 6001            STR              R1, [R0]
  198 00000038         
  199 00000038 4854            LDR              R0,=GPIO_PORTK_BASE_R
  200 0000003A F200 502C       ADD              R0, R0, #GPIO_PCTL_R
  201 0000003E F04F 0100       MOV              R1, #0
  202 00000042 6001            STR              R1, [R0]
  203 00000044         ;SETANDO GPIODIR PARA AS PORTAS 
  204 00000044         
  205 00000044 4850            LDR              R0,=GPIO_PORTM_BASE_R
  206 00000046 F500 6080       ADD              R0, R0, #GPIO_DIR_R
  207 0000004A F04F 0107       MOV              R1, #2_111
  208 0000004E 6001            STR              R1, [R0]
  209 00000050         
  210 00000050 484E            LDR              R0,=GPIO_PORTK_BASE_R
  211 00000052 F500 6080       ADD              R0, R0, #GPIO_DIR_R
  212 00000056 F04F 01FF       MOV              R1, #2_11111111
  213 0000005A 6001            STR              R1, [R0]
  214 0000005C         
  215 0000005C         ;SETANDO GPIOAFSEL PARA AS PORTAS 
  216 0000005C         
  217 0000005C 484A            LDR              R0,=GPIO_PORTM_BASE_R
  218 0000005E F500 6084       ADD              R0, R0, #GPIO_AFSEL_R
  219 00000062 F04F 0100       MOV              R1, #2_00000000
  220 00000066 6001            STR              R1, [R0]
  221 00000068         
  222 00000068 4848            LDR              R0,=GPIO_PORTK_BASE_R
  223 0000006A F500 6084       ADD              R0, R0, #GPIO_AFSEL_R
  224 0000006E F04F 0100       MOV              R1, #2_00000000
  225 00000072 6001            STR              R1, [R0]
  226 00000074         
  227 00000074         ;SETANDO GPIO_DEN_R PARA AS PORTAS A, B, P, Q, J
  228 00000074         
  229 00000074 4844            LDR              R0,=GPIO_PORTM_BASE_R
  230 00000076 F200 501C       ADD              R0, R0, #GPIO_DEN_R
  231 0000007A F04F 0107       MOV              R1, #2_111
  232 0000007E 6001            STR              R1, [R0]
  233 00000080         
  234 00000080 4842            LDR              R0,=GPIO_PORTK_BASE_R
  235 00000082 F200 501C       ADD              R0, R0, #GPIO_DEN_R



ARM Macro Assembler    Page 9 


  236 00000086 F04F 01FF       MOV              R1, #2_11111111
  237 0000008A 6001            STR              R1, [R0]
  238 0000008C         
  239 0000008C 4770            BX               LR
  240 0000008E         ; ****************************************
  241 0000008E         
  242 0000008E         ; ****************************************
  243 0000008E         
  244 0000008E         setup_LCD
  245 0000008E B500            PUSH{LR}
  246 00000090         
  247 00000090         ;Inicializar no modo 2 linhas / caracter matriz 5x7 (0x3
                       8)
  248 00000090 F04F 0038       MOV              R0, #0x38
  249 00000094 F7FF FFFE       BL               send_comand_lcd
  250 00000098         
  251 00000098 F04F 000C       MOV              R0, #0x0C
  252 0000009C F7FF FFFE       BL               send_complex_comand_lcd
  253 000000A0         
  254 000000A0         ;Cursor com autoincremento para direita (0x06)
  255 000000A0 F04F 0006       MOV              R0, #0x06
  256 000000A4 F7FF FFFE       BL               send_comand_lcd
  257 000000A8         
  258 000000A8         ;Resetar: Limpar o display e levar o cursor para o home 
                       (0x01)
  259 000000A8 F04F 0001       MOV              R0, #0x01
  260 000000AC F7FF FFFE       BL               send_complex_comand_lcd
  261 000000B0         
  262 000000B0         ;Configurar o cursor (habilitar o display + cursor pisca
                       ) (0x0F) 
  263 000000B0 F04F 000F       MOV              R0, #0x0F
  264 000000B4 F7FF FFFE       BL               send_comand_lcd
  265 000000B8         
  266 000000B8         
  267 000000B8         
  268 000000B8         
  269 000000B8 F85D EB04       POP{LR}
  270 000000BC 4770            BX               LR
  271 000000BE         
  272 000000BE         ; *******************************
  273 000000BE         ;r0 -> comando a ser executado
  274 000000BE         send_comand_lcd
  275 000000BE B500            PUSH{LR}
  276 000000C0         ;pm0 -> INTRU√á√ÉO/DADO (0/1)
  277 000000C0         ;pm1 -> write/read (0/1)
  278 000000C0         ;pm2 -> enable
  279 000000C0         
  280 000000C0         ;carrega comando 
  281 000000C0 F000 F856       BL               PortK_Output
  282 000000C4         
  283 000000C4         ;seta pinos pm0, pm1, pm2 para intru√ß√£o, write, enable
                       
  284 000000C4 F04F 0004       MOV              R0, #2_100
  285 000000C8 F000 F84A       BL               PortM_Output
  286 000000CC         
  287 000000CC         ;espera por 10us
  288 000000CC F04F 000A       MOV              R0, #10
  289 000000D0 F7FF FFFE       BL               SysTick_Wait1us
  290 000000D4         



ARM Macro Assembler    Page 10 


  291 000000D4         ;desabilita e espera 40us
  292 000000D4 F04F 0000       MOV              R0, #2_000
  293 000000D8 F000 F842       BL               PortM_Output
  294 000000DC F04F 0028       MOV              R0, #40
  295 000000E0 F7FF FFFE       BL               SysTick_Wait1us
  296 000000E4         
  297 000000E4 F85D EB04       POP{LR}
  298 000000E8 4770            BX               LR
  299 000000EA         
  300 000000EA         ; *******************************
  301 000000EA         ;r0 -> comando a ser executado
  302 000000EA         send_complex_comand_lcd
  303 000000EA B500            PUSH{LR}
  304 000000EC         ;pm0 -> INTRU√á√ÉO/DADO (0/1)
  305 000000EC         ;pm1 -> write/read (0/1)
  306 000000EC         ;pm2 -> enable
  307 000000EC         
  308 000000EC         ;carrega comando 
  309 000000EC F000 F840       BL               PortK_Output
  310 000000F0         
  311 000000F0         ;seta pinos pm0, pm1, pm2 para intru√ß√£o, write, enable
                       
<<<<<<< Updated upstream
  306 000000F0 F04F 0004       MOV              R0, #2_100
  307 000000F4 F000 F825       BL               PortM_Output
  308 000000F8         
  309 000000F8         ;espera por 10us
  310 000000F8 F04F 000A       MOV              R0, #10
  311 000000FC F7FF FFFE       BL               SysTick_Wait1us
  312 00000100         
  313 00000100         ;desabilita e espera 1,64ms
  314 00000100 F04F 0000       MOV              R0, #2_000
  315 00000104 F000 F81D       BL               PortM_Output
  316 00000108 F44F 60CD       MOV              R0, #1640
  317 0000010C F7FF FFFE       BL               SysTick_Wait1us
  318 00000110         
  319 00000110 F85D EB04       POP{LR}
  320 00000114 4770            BX               LR
  321 00000116         
  322 00000116         ; *******************************
  323 00000116         ;r0 -> comando a ser executado
  324 00000116         send_data_lcd
  325 00000116 B500            PUSH{LR}
  326 00000118         ;pm0 -> INTRU√á√ÉO/DADO (0/1)
  327 00000118         ;pm1 -> write/read (0/1)
  328 00000118         ;pm2 -> enable
  329 00000118         
  330 00000118         ;carrega dado 
  331 00000118 F000 F81B       BL               PortK_Output
  332 0000011C         
  333 0000011C         ;seta pinos pm0, pm1, pm2 para dado, write, enable
  334 0000011C F04F 0005       MOV              R0, #2_101
  335 00000120 F000 F80F       BL               PortM_Output
  336 00000124         
  337 00000124         ;espera por 10us
  338 00000124 F04F 000A       MOV              R0, #10
  339 00000128 F7FF FFFE       BL               SysTick_Wait1us
  340 0000012C         
  341 0000012C         ;desabilita e espera 40us
  342 0000012C F04F 0000       MOV              R0, #2_000
  343 00000130 F000 F807       BL               PortM_Output
  344 00000134 F04F 0028       MOV              R0, #40
  345 00000138 F7FF FFFE       BL               SysTick_Wait1us
  346 0000013C         
  347 0000013C         
  348 0000013C F85D EB04       POP{LR}
  349 00000140 4770            BX               LR
  350 00000142         
  351 00000142         ; *******************************************
  352 00000142         
=======
  312 000000F0 F04F 0004       MOV              R0, #2_100
  313 000000F4 F000 F834       BL               PortM_Output
  314 000000F8         
  315 000000F8         ;espera por 10us
  316 000000F8 F04F 000A       MOV              R0, #10
  317 000000FC F7FF FFFE       BL               SysTick_Wait1us
  318 00000100         
  319 00000100         ;desabilita e espera 1,64ms
  320 00000100 F04F 0000       MOV              R0, #2_000
  321 00000104 F000 F82C       BL               PortM_Output
  322 00000108 F44F 60CD       MOV              R0, #1640
  323 0000010C F7FF FFFE       BL               SysTick_Wait1us
  324 00000110         
  325 00000110 F85D EB04       POP{LR}
  326 00000114 4770            BX               LR
  327 00000116         
  328 00000116         ; *******************************
  329 00000116         ;r0 -> comando a ser executado
  330 00000116         send_data_lcd
  331 00000116 B500            PUSH{LR}
  332 00000118         ;pm0 -> INTRU√á√ÉO/DADO (0/1)
  333 00000118         ;pm1 -> write/read (0/1)
  334 00000118         ;pm2 -> enable
  335 00000118         
  336 00000118         ;carrega dado 
  337 00000118 F000 F82A       BL               PortK_Output
  338 0000011C         
  339 0000011C         ;seta pinos pm0, pm1, pm2 para dado, write, enable
  340 0000011C F04F 0005       MOV              R0, #2_101
  341 00000120 F000 F81E       BL               PortM_Output
  342 00000124         
  343 00000124         ;espera por 10us
  344 00000124 F04F 000A       MOV              R0, #10
  345 00000128 F7FF FFFE       BL               SysTick_Wait1us
  346 0000012C         
  347 0000012C         ;desabilita e espera 40us
  348 0000012C F04F 0000       MOV              R0, #2_000
>>>>>>> Stashed changes



ARM Macro Assembler    Page 11 


<<<<<<< Updated upstream
  353 00000142         PortM_Output
  354 00000142 490C            LDR              R1, =GPIO_PORTM_DATA_R ;Carrega
                                                             o valor do offset 
                                                            do data register
  355 00000144         ;Read-Modify-Write para escrita
  356 00000144 680A            LDR              R2, [R1]
  357 00000146 F022 0207       BIC              R2, #2_00000111 ;Primeiro limpa
                                                            mos os dois bits do
                                                             lido da porta 
  358 0000014A EA40 0002       ORR              R0, R0, R2  ;Fazer o OR do lido
                                                             pela porta com o p
                                                            ar√¢metro de entrad
                                                            a
  359 0000014E 6008            STR              R0, [R1]    ;Escreve na porta F
                                                             o barramento de da
                                                            dos dos pinos
  360 00000150         
  361 00000150 4770            BX               LR
  362 00000152         
  363 00000152         PortK_Output
  364 00000152 4909            LDR              R1, =GPIO_PORTK_DATA_R ;Carrega
                                                             o valor do offset 
                                                            do data register
  365 00000154         ;Read-Modify-Write para escrita
  366 00000154 680A            LDR              R2, [R1]
  367 00000156 F022 02FF       BIC              R2, #2_11111111 ;Primeiro limpa
                                                            mos os dois bits do
                                                             lido da porta 
  368 0000015A EA40 0002       ORR              R0, R0, R2  ;Fazer o OR do lido
                                                             pela porta com o p
                                                            ar√¢metro de entrad
                                                            a
  369 0000015E 6008            STR              R0, [R1]    ;Escreve na porta F
                                                             o barramento de da
                                                            dos dos pinos
  370 00000160         
  371 00000160 4770            BX               LR
  372 00000162         
  373 00000162 00 00           ALIGN                        ; garante que o fim
                                                             da seÔøΩÔøΩo estÔø
                                                            Ω alinhada 
  374 00000164                 END                          ; fim do arquivo
=======
  349 00000130 F000 F816       BL               PortM_Output
  350 00000134 F04F 0028       MOV              R0, #40
  351 00000138 F7FF FFFE       BL               SysTick_Wait1us
  352 0000013C         
  353 0000013C         
  354 0000013C F85D EB04       POP{LR}
  355 00000140 4770            BX               LR
  356 00000142         
  357 00000142         ; *******************************************
  358 00000142         ;Parametro: r0 -> operando 1
  359 00000142         ;   r1 -> operando 2
  360 00000142         
  361 00000142         send_string_lcd
  362 00000142 B500            PUSH{LR}
  363 00000144         
  364 00000144         
  365 00000144 4812            LDR              R0, =string_test ; R0 agora con
                                                            t√©m o endere√ßo da
                                                             string
  366 00000146         
  367 00000146         loop
  368 00000146 F810 1B01       LDRB             R1, [R0], #1 ; Carrega o byte a
                                                            pontado por R0 em R
                                                            1 e incrementa R0
  369 0000014A 2900            CMP              R1, #0      ; Verifica se √© o 
                                                            terminador nulo
  370 0000014C D005            BEQ              end_loop    ; Sai do loop se en
                                                            contrar o terminado
                                                            r
  371 0000014E B401            PUSH{R0}
  372 00000150 4608            MOV              R0, R1
  373 00000152 F7FF FFFE       BL               send_data_lcd
  374 00000156 BC01            POP{R0}
  375 00000158 E7F5            B                loop        ; Volta para ler o 
                                                            pr√≥ximo caractere
  376 0000015A         
  377 0000015A         end_loop
  378 0000015A         ; Fim do processamento
  379 0000015A         
  380 0000015A         
  381 0000015A         
  382 0000015A         ; MOV R0, #'T'
  383 0000015A         ; BL send_data_lcd
  384 0000015A         ; 
  385 0000015A         ; MOV R0, #'a'
  386 0000015A         ; BL send_data_lcd
  387 0000015A         ; 
  388 0000015A         ; MOV R0, #'b'
  389 0000015A         ; BL send_data_lcd
  390 0000015A         ; 
  391 0000015A         ; MOV R0, #'u'
  392 0000015A         ; BL send_data_lcd
  393 0000015A         ; 
  394 0000015A         ; MOV R0, #'a'
  395 0000015A         ; BL send_data_lcd
  396 0000015A         ; 
  397 0000015A         ; MOV R0, #'d'
  398 0000015A         ; BL send_data_lcd
  399 0000015A         ; 



ARM Macro Assembler    Page 12 


  400 0000015A         ; MOV R0, #'a'
  401 0000015A         ; BL send_data_lcd
  402 0000015A         ; 
  403 0000015A         ; MOV R0, #' '
  404 0000015A         ; BL send_data_lcd
  405 0000015A         ; 
  406 0000015A         ; MOV R0, #'d'
  407 0000015A         ; BL send_data_lcd
  408 0000015A         ; 
  409 0000015A         ; MOV R0, #'o'
  410 0000015A         ; BL send_data_lcd
  411 0000015A         ; 
  412 0000015A         ; MOV R0, R6
  413 0000015A         ; BL send_data_lcd
  414 0000015A         ; 
  415 0000015A         ;; pula para a segunda linha 
  416 0000015A         ; 
  417 0000015A         ; MOV R0, #0xC0
  418 0000015A         ; BL send_comand_lcd
  419 0000015A         ; 
  420 0000015A         ; MOV R0, R6
  421 0000015A         ; BL send_data_lcd
  422 0000015A         ; 
  423 0000015A         ; MOV R0, ' '
  424 0000015A         ; BL send_data_lcd
  425 0000015A         ; 
  426 0000015A         ; MOV R0, R7
  427 0000015A         ; BL send_data_lcd
  428 0000015A         ; 
  429 0000015A         ; MOV R0, '='
  430 0000015A         ; BL send_data_lcd
  431 0000015A         ; 
  432 0000015A         ; MUL R0, R6, R7
  433 0000015A         ; BL send_data_lcd
  434 0000015A         
  435 0000015A F85D EB04       POP{LR}
  436 0000015E 4770            BX               LR
  437 00000160         
  438 00000160         
  439 00000160         PortM_Output
  440 00000160 490C            LDR              R1, =GPIO_PORTM_DATA_R ;Carrega
                                                             o valor do offset 
                                                            do data register
  441 00000162         ;Read-Modify-Write para escrita
  442 00000162 680A            LDR              R2, [R1]
  443 00000164 F022 0207       BIC              R2, #2_00000111 ;Primeiro limpa
                                                            mos os dois bits do
                                                             lido da porta 
  444 00000168 EA40 0002       ORR              R0, R0, R2  ;Fazer o OR do lido
                                                             pela porta com o p
                                                            ar√¢metro de entrad
                                                            a
  445 0000016C 6008            STR              R0, [R1]    ;Escreve na porta F
                                                             o barramento de da
                                                            dos dos pinos
  446 0000016E         
  447 0000016E 4770            BX               LR
  448 00000170         
  449 00000170         PortK_Output



ARM Macro Assembler    Page 13 


  450 00000170 4909            LDR              R1, =GPIO_PORTK_DATA_R ;Carrega
                                                             o valor do offset 
                                                            do data register
  451 00000172         ;Read-Modify-Write para escrita
  452 00000172 680A            LDR              R2, [R1]
  453 00000174 F022 02FF       BIC              R2, #2_11111111 ;Primeiro limpa
                                                            mos os dois bits do
                                                             lido da porta 
  454 00000178 EA40 0002       ORR              R0, R0, R2  ;Fazer o OR do lido
                                                             pela porta com o p
                                                            ar√¢metro de entrad
                                                            a
  455 0000017C 6008            STR              R0, [R1]    ;Escreve na porta F
                                                             o barramento de da
                                                            dos dos pinos
  456 0000017E         
  457 0000017E 4770            BX               LR
  458 00000180         
  459 00000180                 ALIGN                        ; garante que o fim
                                                             da seÔøΩÔøΩo estÔø
                                                            Ω alinhada 
  460 00000180                 END                          ; fim do arquivo
>>>>>>> Stashed changes
              400FE608 
              400FEA08 
              40063000 
              40061000 
              00000000 
              400633FC 
              400613FC 
Command Line: --debug --xref --diag_suppress=9931,A1950W --cpu=Cortex-M4.fp.sp 
--depend=.\objects\lcd.d -o.\objects\lcd.o -IC:\Users\IanIshikawa\AppData\Local
\Arm\Packs\Keil\TM4C_DFP\1.1.0\Device\Include\TM4C129 --predefine="__EVAL SETA 
1" --predefine="__UVISION_VERSION SETA 541" --predefine="TM4C1294NCPDT SETA 1" 
--list=.\listings\lcd.lst lcd.s



ARM Macro Assembler    Page 1 Alphabetic symbol ordering
Relocatable symbols

DATA 00000000

Symbol: DATA
   Definitions
      At line 10 in file lcd.s
   Uses
      None
Comment: DATA unused
string_test 00000000

Symbol: string_test
   Definitions
      At line 137 in file lcd.s
   Uses
      At line 365 in file lcd.s
Comment: string_test used once
2 symbols



ARM Macro Assembler    Page 1 Alphabetic symbol ordering
Relocatable symbols

.text 00000000

Symbol: .text
   Definitions
      At line 144 in file lcd.s
   Uses
      None
Comment: .text unused
LCD_Init 00000000

Symbol: LCD_Init
   Definitions
      At line 165 in file lcd.s
   Uses
      At line 149 in file lcd.s
Comment: LCD_Init used once
PortK_Output 00000170

Symbol: PortK_Output
   Definitions
<<<<<<< Updated upstream
      At line 363 in file lcd.s
=======
      At line 449 in file lcd.s
>>>>>>> Stashed changes
   Uses
      At line 281 in file lcd.s
      At line 309 in file lcd.s
      At line 337 in file lcd.s

PortM_Output 00000160

Symbol: PortM_Output
   Definitions
<<<<<<< Updated upstream
      At line 353 in file lcd.s
=======
      At line 439 in file lcd.s
>>>>>>> Stashed changes
   Uses
      At line 285 in file lcd.s
      At line 293 in file lcd.s
      At line 313 in file lcd.s
      At line 321 in file lcd.s
      At line 341 in file lcd.s
      At line 349 in file lcd.s

aguarda 0000000C

Symbol: aguarda
   Definitions
      At line 177 in file lcd.s
   Uses
      At line 181 in file lcd.s
Comment: aguarda used once
end_loop 0000015A

Symbol: end_loop
   Definitions
      At line 377 in file lcd.s
   Uses
      At line 370 in file lcd.s
Comment: end_loop used once
loop 00000146

Symbol: loop
   Definitions



ARM Macro Assembler    Page 2 Alphabetic symbol ordering
Relocatable symbols

      At line 367 in file lcd.s
   Uses
      At line 375 in file lcd.s
Comment: loop used once
send_comand_lcd 000000BE

Symbol: send_comand_lcd
   Definitions
      At line 274 in file lcd.s
   Uses
      At line 151 in file lcd.s
      At line 249 in file lcd.s
      At line 256 in file lcd.s
      At line 264 in file lcd.s

send_complex_comand_lcd 000000EA

Symbol: send_complex_comand_lcd
   Definitions
      At line 302 in file lcd.s
   Uses
      At line 152 in file lcd.s
      At line 252 in file lcd.s
      At line 260 in file lcd.s

send_data_lcd 00000116

Symbol: send_data_lcd
   Definitions
      At line 330 in file lcd.s
   Uses
<<<<<<< Updated upstream
      At line 150 in file lcd.s
Comment: send_data_lcd used once
=======
      At line 153 in file lcd.s
      At line 373 in file lcd.s

send_string_lcd 00000142

Symbol: send_string_lcd
   Definitions
      At line 361 in file lcd.s
   Uses
      At line 154 in file lcd.s
Comment: send_string_lcd used once
>>>>>>> Stashed changes
setup_LCD 0000008E

Symbol: setup_LCD
   Definitions
      At line 244 in file lcd.s
   Uses
      At line 150 in file lcd.s
Comment: setup_LCD used once
<<<<<<< Updated upstream
9 symbols
=======
12 symbols
>>>>>>> Stashed changes



ARM Macro Assembler    Page 1 Alphabetic symbol ordering
Absolute symbols

GPIO_AFSEL_R 00000420

Symbol: GPIO_AFSEL_R
   Definitions
      At line 133 in file lcd.s
   Uses
      At line 218 in file lcd.s
      At line 223 in file lcd.s

GPIO_AMSEL_R 00000528

Symbol: GPIO_AMSEL_R
   Definitions
      At line 130 in file lcd.s
   Uses
      At line 184 in file lcd.s
      At line 189 in file lcd.s

GPIO_CR_R 00000524

Symbol: GPIO_CR_R
   Definitions
      At line 129 in file lcd.s
   Uses
      None
Comment: GPIO_CR_R unused
GPIO_DEN_R 0000051C

Symbol: GPIO_DEN_R
   Definitions
      At line 134 in file lcd.s
   Uses
      At line 230 in file lcd.s
      At line 235 in file lcd.s

GPIO_DIR_R 00000400

Symbol: GPIO_DIR_R
   Definitions
      At line 132 in file lcd.s
   Uses
      At line 206 in file lcd.s
      At line 211 in file lcd.s

GPIO_LOCK_R 00000520

Symbol: GPIO_LOCK_R
   Definitions
      At line 128 in file lcd.s
   Uses
      None
Comment: GPIO_LOCK_R unused
GPIO_PCTL_R 0000052C

Symbol: GPIO_PCTL_R
   Definitions
      At line 131 in file lcd.s
   Uses
      At line 195 in file lcd.s



ARM Macro Assembler    Page 2 Alphabetic symbol ordering
Absolute symbols

      At line 200 in file lcd.s

GPIO_PORTA_BASE_R 40058000

Symbol: GPIO_PORTA_BASE_R
   Definitions
      At line 21 in file lcd.s
   Uses
      None
Comment: GPIO_PORTA_BASE_R unused
GPIO_PORTB_BASE_R 40059000

Symbol: GPIO_PORTB_BASE_R
   Definitions
      At line 22 in file lcd.s
   Uses
      None
Comment: GPIO_PORTB_BASE_R unused
GPIO_PORTC_BASE_R 4005A000

Symbol: GPIO_PORTC_BASE_R
   Definitions
      At line 23 in file lcd.s
   Uses
      None
Comment: GPIO_PORTC_BASE_R unused
GPIO_PORTD_BASE_R 4005B000

Symbol: GPIO_PORTD_BASE_R
   Definitions
      At line 24 in file lcd.s
   Uses
      None
Comment: GPIO_PORTD_BASE_R unused
GPIO_PORTE_BASE_R 4005C000

Symbol: GPIO_PORTE_BASE_R
   Definitions
      At line 25 in file lcd.s
   Uses
      None
Comment: GPIO_PORTE_BASE_R unused
GPIO_PORTF_BASE_R 4005D000

Symbol: GPIO_PORTF_BASE_R
   Definitions
      At line 26 in file lcd.s
   Uses
      None
Comment: GPIO_PORTF_BASE_R unused
GPIO_PORTG_BASE_R 4005E000

Symbol: GPIO_PORTG_BASE_R
   Definitions
      At line 27 in file lcd.s
   Uses
      None
Comment: GPIO_PORTG_BASE_R unused
GPIO_PORTH_BASE_R 4005F000



ARM Macro Assembler    Page 3 Alphabetic symbol ordering
Absolute symbols


Symbol: GPIO_PORTH_BASE_R
   Definitions
      At line 28 in file lcd.s
   Uses
      None
Comment: GPIO_PORTH_BASE_R unused
GPIO_PORTJ 00000100

Symbol: GPIO_PORTJ
   Definitions
      At line 46 in file lcd.s
   Uses
      None
Comment: GPIO_PORTJ unused
GPIO_PORTJ_AHB_AFSEL_R 40060420

Symbol: GPIO_PORTJ_AHB_AFSEL_R
   Definitions
      At line 42 in file lcd.s
   Uses
      None
Comment: GPIO_PORTJ_AHB_AFSEL_R unused
GPIO_PORTJ_AHB_AMSEL_R 40060528

Symbol: GPIO_PORTJ_AHB_AMSEL_R
   Definitions
      At line 39 in file lcd.s
   Uses
      None
Comment: GPIO_PORTJ_AHB_AMSEL_R unused
GPIO_PORTJ_AHB_CR_R 40060524

Symbol: GPIO_PORTJ_AHB_CR_R
   Definitions
      At line 38 in file lcd.s
   Uses
      None
Comment: GPIO_PORTJ_AHB_CR_R unused
GPIO_PORTJ_AHB_DATA_R 400603FC

Symbol: GPIO_PORTJ_AHB_DATA_R
   Definitions
      At line 45 in file lcd.s
   Uses
      None
Comment: GPIO_PORTJ_AHB_DATA_R unused
GPIO_PORTJ_AHB_DEN_R 4006051C

Symbol: GPIO_PORTJ_AHB_DEN_R
   Definitions
      At line 43 in file lcd.s
   Uses
      None
Comment: GPIO_PORTJ_AHB_DEN_R unused
GPIO_PORTJ_AHB_DIR_R 40060400

Symbol: GPIO_PORTJ_AHB_DIR_R
   Definitions



ARM Macro Assembler    Page 4 Alphabetic symbol ordering
Absolute symbols

      At line 41 in file lcd.s
   Uses
      None
Comment: GPIO_PORTJ_AHB_DIR_R unused
GPIO_PORTJ_AHB_LOCK_R 40060520

Symbol: GPIO_PORTJ_AHB_LOCK_R
   Definitions
      At line 37 in file lcd.s
   Uses
      None
Comment: GPIO_PORTJ_AHB_LOCK_R unused
GPIO_PORTJ_AHB_PCTL_R 4006052C

Symbol: GPIO_PORTJ_AHB_PCTL_R
   Definitions
      At line 40 in file lcd.s
   Uses
      None
Comment: GPIO_PORTJ_AHB_PCTL_R unused
GPIO_PORTJ_AHB_PUR_R 40060510

Symbol: GPIO_PORTJ_AHB_PUR_R
   Definitions
      At line 44 in file lcd.s
   Uses
      None
Comment: GPIO_PORTJ_AHB_PUR_R unused
GPIO_PORTJ_BASE_R 40060000

Symbol: GPIO_PORTJ_BASE_R
   Definitions
      At line 29 in file lcd.s
   Uses
      None
Comment: GPIO_PORTJ_BASE_R unused
GPIO_PORTK 00000200

Symbol: GPIO_PORTK
   Definitions
      At line 125 in file lcd.s
   Uses
      At line 172 in file lcd.s
Comment: GPIO_PORTK used once
GPIO_PORTK_ADCCTL_R 40061530

Symbol: GPIO_PORTK_ADCCTL_R
   Definitions
      At line 116 in file lcd.s
   Uses
      None
Comment: GPIO_PORTK_ADCCTL_R unused
GPIO_PORTK_AFSEL_R 40061420

Symbol: GPIO_PORTK_AFSEL_R
   Definitions
      At line 103 in file lcd.s
   Uses
      None



ARM Macro Assembler    Page 5 Alphabetic symbol ordering
Absolute symbols

Comment: GPIO_PORTK_AFSEL_R unused
GPIO_PORTK_AMSEL_R 40061528

Symbol: GPIO_PORTK_AMSEL_R
   Definitions
      At line 114 in file lcd.s
   Uses
      None
Comment: GPIO_PORTK_AMSEL_R unused
GPIO_PORTK_BASE_R 40061000

Symbol: GPIO_PORTK_BASE_R
   Definitions
      At line 30 in file lcd.s
   Uses
      At line 188 in file lcd.s
      At line 199 in file lcd.s
      At line 210 in file lcd.s
      At line 222 in file lcd.s
      At line 234 in file lcd.s

GPIO_PORTK_CR_R 40061524

Symbol: GPIO_PORTK_CR_R
   Definitions
      At line 113 in file lcd.s
   Uses
      None
Comment: GPIO_PORTK_CR_R unused
GPIO_PORTK_DATA_BITS_R 40061000

Symbol: GPIO_PORTK_DATA_BITS_R
   Definitions
      At line 93 in file lcd.s
   Uses
      None
Comment: GPIO_PORTK_DATA_BITS_R unused
GPIO_PORTK_DATA_R 400613FC

Symbol: GPIO_PORTK_DATA_R
   Definitions
      At line 94 in file lcd.s
   Uses
<<<<<<< Updated upstream
      At line 364 in file lcd.s
=======
      At line 450 in file lcd.s
>>>>>>> Stashed changes
Comment: GPIO_PORTK_DATA_R used once
GPIO_PORTK_DEN_R 4006151C

Symbol: GPIO_PORTK_DEN_R
   Definitions
      At line 111 in file lcd.s
   Uses
      None
Comment: GPIO_PORTK_DEN_R unused
GPIO_PORTK_DIR_R 40061400

Symbol: GPIO_PORTK_DIR_R
   Definitions
      At line 95 in file lcd.s
   Uses



ARM Macro Assembler    Page 6 Alphabetic symbol ordering
Absolute symbols

      None
Comment: GPIO_PORTK_DIR_R unused
GPIO_PORTK_DMACTL_R 40061534

Symbol: GPIO_PORTK_DMACTL_R
   Definitions
      At line 117 in file lcd.s
   Uses
      None
Comment: GPIO_PORTK_DMACTL_R unused
GPIO_PORTK_DR12R_R 4006153C

Symbol: GPIO_PORTK_DR12R_R
   Definitions
      At line 119 in file lcd.s
   Uses
      None
Comment: GPIO_PORTK_DR12R_R unused
GPIO_PORTK_DR2R_R 40061500

Symbol: GPIO_PORTK_DR2R_R
   Definitions
      At line 104 in file lcd.s
   Uses
      None
Comment: GPIO_PORTK_DR2R_R unused
GPIO_PORTK_DR4R_R 40061504

Symbol: GPIO_PORTK_DR4R_R
   Definitions
      At line 105 in file lcd.s
   Uses
      None
Comment: GPIO_PORTK_DR4R_R unused
GPIO_PORTK_DR8R_R 40061508

Symbol: GPIO_PORTK_DR8R_R
   Definitions
      At line 106 in file lcd.s
   Uses
      None
Comment: GPIO_PORTK_DR8R_R unused
GPIO_PORTK_IBE_R 40061408

Symbol: GPIO_PORTK_IBE_R
   Definitions
      At line 97 in file lcd.s
   Uses
      None
Comment: GPIO_PORTK_IBE_R unused
GPIO_PORTK_ICR_R 4006141C

Symbol: GPIO_PORTK_ICR_R
   Definitions
      At line 102 in file lcd.s
   Uses
      None
Comment: GPIO_PORTK_ICR_R unused
GPIO_PORTK_IEV_R 4006140C



ARM Macro Assembler    Page 7 Alphabetic symbol ordering
Absolute symbols


Symbol: GPIO_PORTK_IEV_R
   Definitions
      At line 98 in file lcd.s
   Uses
      None
Comment: GPIO_PORTK_IEV_R unused
GPIO_PORTK_IM_R 40061410

Symbol: GPIO_PORTK_IM_R
   Definitions
      At line 99 in file lcd.s
   Uses
      None
Comment: GPIO_PORTK_IM_R unused
GPIO_PORTK_IS_R 40061404

Symbol: GPIO_PORTK_IS_R
   Definitions
      At line 96 in file lcd.s
   Uses
      None
Comment: GPIO_PORTK_IS_R unused
GPIO_PORTK_LOCK_R 40061520

Symbol: GPIO_PORTK_LOCK_R
   Definitions
      At line 112 in file lcd.s
   Uses
      None
Comment: GPIO_PORTK_LOCK_R unused
GPIO_PORTK_MIS_R 40061418

Symbol: GPIO_PORTK_MIS_R
   Definitions
      At line 101 in file lcd.s
   Uses
      None
Comment: GPIO_PORTK_MIS_R unused
GPIO_PORTK_ODR_R 4006150C

Symbol: GPIO_PORTK_ODR_R
   Definitions
      At line 107 in file lcd.s
   Uses
      None
Comment: GPIO_PORTK_ODR_R unused
GPIO_PORTK_PCTL_R 4006152C

Symbol: GPIO_PORTK_PCTL_R
   Definitions
      At line 115 in file lcd.s
   Uses
      None
Comment: GPIO_PORTK_PCTL_R unused
GPIO_PORTK_PC_R 40061FC4

Symbol: GPIO_PORTK_PC_R
   Definitions



ARM Macro Assembler    Page 8 Alphabetic symbol ordering
Absolute symbols

      At line 124 in file lcd.s
   Uses
      None
Comment: GPIO_PORTK_PC_R unused
GPIO_PORTK_PDR_R 40061514

Symbol: GPIO_PORTK_PDR_R
   Definitions
      At line 109 in file lcd.s
   Uses
      None
Comment: GPIO_PORTK_PDR_R unused
GPIO_PORTK_PP_R 40061FC0

Symbol: GPIO_PORTK_PP_R
   Definitions
      At line 123 in file lcd.s
   Uses
      None
Comment: GPIO_PORTK_PP_R unused
GPIO_PORTK_PUR_R 40061510

Symbol: GPIO_PORTK_PUR_R
   Definitions
      At line 108 in file lcd.s
   Uses
      None
Comment: GPIO_PORTK_PUR_R unused
GPIO_PORTK_RIS_R 40061414

Symbol: GPIO_PORTK_RIS_R
   Definitions
      At line 100 in file lcd.s
   Uses
      None
Comment: GPIO_PORTK_RIS_R unused
GPIO_PORTK_SI_R 40061538

Symbol: GPIO_PORTK_SI_R
   Definitions
      At line 118 in file lcd.s
   Uses
      None
Comment: GPIO_PORTK_SI_R unused
GPIO_PORTK_SLR_R 40061518

Symbol: GPIO_PORTK_SLR_R
   Definitions
      At line 110 in file lcd.s
   Uses
      None
Comment: GPIO_PORTK_SLR_R unused
GPIO_PORTK_WAKELVL_R 40061544

Symbol: GPIO_PORTK_WAKELVL_R
   Definitions
      At line 121 in file lcd.s
   Uses
      None



ARM Macro Assembler    Page 9 Alphabetic symbol ordering
Absolute symbols

Comment: GPIO_PORTK_WAKELVL_R unused
GPIO_PORTK_WAKEPEN_R 40061540

Symbol: GPIO_PORTK_WAKEPEN_R
   Definitions
      At line 120 in file lcd.s
   Uses
      None
Comment: GPIO_PORTK_WAKEPEN_R unused
GPIO_PORTK_WAKESTAT_R 40061548

Symbol: GPIO_PORTK_WAKESTAT_R
   Definitions
      At line 122 in file lcd.s
   Uses
      None
Comment: GPIO_PORTK_WAKESTAT_R unused
GPIO_PORTL_BASE_R 40062000

Symbol: GPIO_PORTL_BASE_R
   Definitions
      At line 31 in file lcd.s
   Uses
      None
Comment: GPIO_PORTL_BASE_R unused
GPIO_PORTM 00000800

Symbol: GPIO_PORTM
   Definitions
      At line 91 in file lcd.s
   Uses
      At line 171 in file lcd.s
Comment: GPIO_PORTM used once
GPIO_PORTM_ADCCTL_R 40063530

Symbol: GPIO_PORTM_ADCCTL_R
   Definitions
      At line 82 in file lcd.s
   Uses
      None
Comment: GPIO_PORTM_ADCCTL_R unused
GPIO_PORTM_AFSEL_R 40063420

Symbol: GPIO_PORTM_AFSEL_R
   Definitions
      At line 69 in file lcd.s
   Uses
      None
Comment: GPIO_PORTM_AFSEL_R unused
GPIO_PORTM_AMSEL_R 40063528

Symbol: GPIO_PORTM_AMSEL_R
   Definitions
      At line 80 in file lcd.s
   Uses
      None
Comment: GPIO_PORTM_AMSEL_R unused
GPIO_PORTM_BASE_R 40063000




ARM Macro Assembler    Page 10 Alphabetic symbol ordering
Absolute symbols

Symbol: GPIO_PORTM_BASE_R
   Definitions
      At line 32 in file lcd.s
   Uses
      At line 183 in file lcd.s
      At line 194 in file lcd.s
      At line 205 in file lcd.s
      At line 217 in file lcd.s
      At line 229 in file lcd.s

GPIO_PORTM_CR_R 40063524

Symbol: GPIO_PORTM_CR_R
   Definitions
      At line 79 in file lcd.s
   Uses
      None
Comment: GPIO_PORTM_CR_R unused
GPIO_PORTM_DATA_BITS_R 40063000

Symbol: GPIO_PORTM_DATA_BITS_R
   Definitions
      At line 59 in file lcd.s
   Uses
      None
Comment: GPIO_PORTM_DATA_BITS_R unused
GPIO_PORTM_DATA_R 400633FC

Symbol: GPIO_PORTM_DATA_R
   Definitions
      At line 60 in file lcd.s
   Uses
<<<<<<< Updated upstream
      At line 354 in file lcd.s
=======
      At line 440 in file lcd.s
>>>>>>> Stashed changes
Comment: GPIO_PORTM_DATA_R used once
GPIO_PORTM_DEN_R 4006351C

Symbol: GPIO_PORTM_DEN_R
   Definitions
      At line 77 in file lcd.s
   Uses
      None
Comment: GPIO_PORTM_DEN_R unused
GPIO_PORTM_DIR_R 40063400

Symbol: GPIO_PORTM_DIR_R
   Definitions
      At line 61 in file lcd.s
   Uses
      None
Comment: GPIO_PORTM_DIR_R unused
GPIO_PORTM_DMACTL_R 40063534

Symbol: GPIO_PORTM_DMACTL_R
   Definitions
      At line 83 in file lcd.s
   Uses
      None
Comment: GPIO_PORTM_DMACTL_R unused
GPIO_PORTM_DR12R_R 4006353C



ARM Macro Assembler    Page 11 Alphabetic symbol ordering
Absolute symbols


Symbol: GPIO_PORTM_DR12R_R
   Definitions
      At line 85 in file lcd.s
   Uses
      None
Comment: GPIO_PORTM_DR12R_R unused
GPIO_PORTM_DR2R_R 40063500

Symbol: GPIO_PORTM_DR2R_R
   Definitions
      At line 70 in file lcd.s
   Uses
      None
Comment: GPIO_PORTM_DR2R_R unused
GPIO_PORTM_DR4R_R 40063504

Symbol: GPIO_PORTM_DR4R_R
   Definitions
      At line 71 in file lcd.s
   Uses
      None
Comment: GPIO_PORTM_DR4R_R unused
GPIO_PORTM_DR8R_R 40063508

Symbol: GPIO_PORTM_DR8R_R
   Definitions
      At line 72 in file lcd.s
   Uses
      None
Comment: GPIO_PORTM_DR8R_R unused
GPIO_PORTM_IBE_R 40063408

Symbol: GPIO_PORTM_IBE_R
   Definitions
      At line 63 in file lcd.s
   Uses
      None
Comment: GPIO_PORTM_IBE_R unused
GPIO_PORTM_ICR_R 4006341C

Symbol: GPIO_PORTM_ICR_R
   Definitions
      At line 68 in file lcd.s
   Uses
      None
Comment: GPIO_PORTM_ICR_R unused
GPIO_PORTM_IEV_R 4006340C

Symbol: GPIO_PORTM_IEV_R
   Definitions
      At line 64 in file lcd.s
   Uses
      None
Comment: GPIO_PORTM_IEV_R unused
GPIO_PORTM_IM_R 40063410

Symbol: GPIO_PORTM_IM_R
   Definitions



ARM Macro Assembler    Page 12 Alphabetic symbol ordering
Absolute symbols

      At line 65 in file lcd.s
   Uses
      None
Comment: GPIO_PORTM_IM_R unused
GPIO_PORTM_IS_R 40063404

Symbol: GPIO_PORTM_IS_R
   Definitions
      At line 62 in file lcd.s
   Uses
      None
Comment: GPIO_PORTM_IS_R unused
GPIO_PORTM_LOCK_R 40063520

Symbol: GPIO_PORTM_LOCK_R
   Definitions
      At line 78 in file lcd.s
   Uses
      None
Comment: GPIO_PORTM_LOCK_R unused
GPIO_PORTM_MIS_R 40063418

Symbol: GPIO_PORTM_MIS_R
   Definitions
      At line 67 in file lcd.s
   Uses
      None
Comment: GPIO_PORTM_MIS_R unused
GPIO_PORTM_ODR_R 4006350C

Symbol: GPIO_PORTM_ODR_R
   Definitions
      At line 73 in file lcd.s
   Uses
      None
Comment: GPIO_PORTM_ODR_R unused
GPIO_PORTM_PCTL_R 4006352C

Symbol: GPIO_PORTM_PCTL_R
   Definitions
      At line 81 in file lcd.s
   Uses
      None
Comment: GPIO_PORTM_PCTL_R unused
GPIO_PORTM_PC_R 40063FC4

Symbol: GPIO_PORTM_PC_R
   Definitions
      At line 90 in file lcd.s
   Uses
      None
Comment: GPIO_PORTM_PC_R unused
GPIO_PORTM_PDR_R 40063514

Symbol: GPIO_PORTM_PDR_R
   Definitions
      At line 75 in file lcd.s
   Uses
      None



ARM Macro Assembler    Page 13 Alphabetic symbol ordering
Absolute symbols

Comment: GPIO_PORTM_PDR_R unused
GPIO_PORTM_PP_R 40063FC0

Symbol: GPIO_PORTM_PP_R
   Definitions
      At line 89 in file lcd.s
   Uses
      None
Comment: GPIO_PORTM_PP_R unused
GPIO_PORTM_PUR_R 40063510

Symbol: GPIO_PORTM_PUR_R
   Definitions
      At line 74 in file lcd.s
   Uses
      None
Comment: GPIO_PORTM_PUR_R unused
GPIO_PORTM_RIS_R 40063414

Symbol: GPIO_PORTM_RIS_R
   Definitions
      At line 66 in file lcd.s
   Uses
      None
Comment: GPIO_PORTM_RIS_R unused
GPIO_PORTM_SI_R 40063538

Symbol: GPIO_PORTM_SI_R
   Definitions
      At line 84 in file lcd.s
   Uses
      None
Comment: GPIO_PORTM_SI_R unused
GPIO_PORTM_SLR_R 40063518

Symbol: GPIO_PORTM_SLR_R
   Definitions
      At line 76 in file lcd.s
   Uses
      None
Comment: GPIO_PORTM_SLR_R unused
GPIO_PORTM_WAKELVL_R 40063544

Symbol: GPIO_PORTM_WAKELVL_R
   Definitions
      At line 87 in file lcd.s
   Uses
      None
Comment: GPIO_PORTM_WAKELVL_R unused
GPIO_PORTM_WAKEPEN_R 40063540

Symbol: GPIO_PORTM_WAKEPEN_R
   Definitions
      At line 86 in file lcd.s
   Uses
      None
Comment: GPIO_PORTM_WAKEPEN_R unused
GPIO_PORTM_WAKESTAT_R 40063548




ARM Macro Assembler    Page 14 Alphabetic symbol ordering
Absolute symbols

Symbol: GPIO_PORTM_WAKESTAT_R
   Definitions
      At line 88 in file lcd.s
   Uses
      None
Comment: GPIO_PORTM_WAKESTAT_R unused
GPIO_PORTN 00001000

Symbol: GPIO_PORTN
   Definitions
      At line 57 in file lcd.s
   Uses
      None
Comment: GPIO_PORTN unused
GPIO_PORTN_AHB_AFSEL_R 40064420

Symbol: GPIO_PORTN_AHB_AFSEL_R
   Definitions
      At line 53 in file lcd.s
   Uses
      None
Comment: GPIO_PORTN_AHB_AFSEL_R unused
GPIO_PORTN_AHB_AMSEL_R 40064528

Symbol: GPIO_PORTN_AHB_AMSEL_R
   Definitions
      At line 50 in file lcd.s
   Uses
      None
Comment: GPIO_PORTN_AHB_AMSEL_R unused
GPIO_PORTN_AHB_CR_R 40064524

Symbol: GPIO_PORTN_AHB_CR_R
   Definitions
      At line 49 in file lcd.s
   Uses
      None
Comment: GPIO_PORTN_AHB_CR_R unused
GPIO_PORTN_AHB_DATA_R 400643FC

Symbol: GPIO_PORTN_AHB_DATA_R
   Definitions
      At line 56 in file lcd.s
   Uses
      None
Comment: GPIO_PORTN_AHB_DATA_R unused
GPIO_PORTN_AHB_DEN_R 4006451C

Symbol: GPIO_PORTN_AHB_DEN_R
   Definitions
      At line 54 in file lcd.s
   Uses
      None
Comment: GPIO_PORTN_AHB_DEN_R unused
GPIO_PORTN_AHB_DIR_R 40064400

Symbol: GPIO_PORTN_AHB_DIR_R
   Definitions
      At line 52 in file lcd.s



ARM Macro Assembler    Page 15 Alphabetic symbol ordering
Absolute symbols

   Uses
      None
Comment: GPIO_PORTN_AHB_DIR_R unused
GPIO_PORTN_AHB_LOCK_R 40064520

Symbol: GPIO_PORTN_AHB_LOCK_R
   Definitions
      At line 48 in file lcd.s
   Uses
      None
Comment: GPIO_PORTN_AHB_LOCK_R unused
GPIO_PORTN_AHB_PCTL_R 4006452C

Symbol: GPIO_PORTN_AHB_PCTL_R
   Definitions
      At line 51 in file lcd.s
   Uses
      None
Comment: GPIO_PORTN_AHB_PCTL_R unused
GPIO_PORTN_AHB_PUR_R 40064510

Symbol: GPIO_PORTN_AHB_PUR_R
   Definitions
      At line 55 in file lcd.s
   Uses
      None
Comment: GPIO_PORTN_AHB_PUR_R unused
GPIO_PORTN_BASE_R 40064000

Symbol: GPIO_PORTN_BASE_R
   Definitions
      At line 33 in file lcd.s
   Uses
      None
Comment: GPIO_PORTN_BASE_R unused
GPIO_PORTP_BASE_R 40065000

Symbol: GPIO_PORTP_BASE_R
   Definitions
      At line 34 in file lcd.s
   Uses
      None
Comment: GPIO_PORTP_BASE_R unused
GPIO_PORTQ_BASE_R 40066000

Symbol: GPIO_PORTQ_BASE_R
   Definitions
      At line 35 in file lcd.s
   Uses
      None
Comment: GPIO_PORTQ_BASE_R unused
GPIO_PUR_R 00000510

Symbol: GPIO_PUR_R
   Definitions
      At line 135 in file lcd.s
   Uses
      None
Comment: GPIO_PUR_R unused



ARM Macro Assembler    Page 16 Alphabetic symbol ordering
Absolute symbols

SYSCTL_PRGPIO_R 400FEA08

Symbol: SYSCTL_PRGPIO_R
   Definitions
      At line 17 in file lcd.s
   Uses
      At line 178 in file lcd.s
Comment: SYSCTL_PRGPIO_R used once
SYSCTL_RCGCGPIO_R 400FE608

Symbol: SYSCTL_RCGCGPIO_R
   Definitions
      At line 16 in file lcd.s
   Uses
      At line 170 in file lcd.s
Comment: SYSCTL_RCGCGPIO_R used once
111 symbols



ARM Macro Assembler    Page 1 Alphabetic symbol ordering
External symbols

SysTick_Wait1us 00000000

Symbol: SysTick_Wait1us
   Definitions
      At line 155 in file lcd.s
   Uses
      At line 289 in file lcd.s
      At line 295 in file lcd.s
      At line 317 in file lcd.s
      At line 323 in file lcd.s
      At line 345 in file lcd.s
      At line 351 in file lcd.s

1 symbol
<<<<<<< Updated upstream
457 symbols in table
=======
462 symbols in table
>>>>>>> Stashed changes
